<?xml version="1.0" encoding="UTF-8"?>
<testng-results skipped="0" failed="0" total="1" passed="1">
  <reporter-output>
  </reporter-output>
  <suite name="Default suite" duration-ms="16432" started-at="2015-10-02T02:53:19Z" finished-at="2015-10-02T02:53:35Z">
    <groups>
    </groups>
    <test name="Default test" duration-ms="16432" started-at="2015-10-02T02:53:19Z" finished-at="2015-10-02T02:53:35Z">
      <class name="webtest2.webtest2.NewTest">
        <test-method status="PASS" signature="beforeClass()[pri:0, instance:webtest2.webtest2.NewTest@1150435]" name="beforeClass" is-config="true" duration-ms="32" started-at="2015-10-02T10:53:19Z" finished-at="2015-10-02T10:53:19Z">
          <reporter-output>
          </reporter-output>
        </test-method> <!-- beforeClass -->
        <test-method status="PASS" signature="f()[pri:0, instance:webtest2.webtest2.NewTest@1150435]" name="f" duration-ms="16358" started-at="2015-10-02T10:53:19Z" finished-at="2015-10-02T10:53:35Z">
          <reporter-output>
          </reporter-output>
        </test-method> <!-- f -->
        <test-method status="PASS" signature="afterClass()[pri:0, instance:webtest2.webtest2.NewTest@1150435]" name="afterClass" is-config="true" duration-ms="1" started-at="2015-10-02T10:53:35Z" finished-at="2015-10-02T10:53:35Z">
          <reporter-output>
          </reporter-output>
        </test-method> <!-- afterClass -->
      </class> <!-- webtest2.webtest2.NewTest -->
    </test> <!-- Default test -->
  </suite> <!-- Default suite -->
</testng-results>
